<?xml version="1.0" encoding="UTF-8"?>
<testsuite xmlns:xsi="http://www.w3.org/2001/XMLSchema-instance" xsi:noNamespaceSchemaLocation="https://maven.apache.org/surefire/maven-surefire-plugin/xsd/surefire-test-report.xsd" name="yatest.TabTest" time="63.616" tests="1" errors="1" skipped="0" failures="0">
  <properties>
[...]
</properties>
  <testcase name="tabsite" classname="yatest.TabTest" time="49.487">
    <error message="Unable to locate element: Перейти ко всем фильтрам&#10;For documentation on this error, please visit: http://seleniumhq.org/exceptions/no_such_element.html&#10;Build info: version: &apos;3.12.0&apos;, revision: &apos;7c6e0b3&apos;, time: &apos;2018-05-08T14:04:26.12Z&apos;&#10;System info: host: &apos;DELL_W10&apos;, ip: &apos;172.16.1.131&apos;, os.name: &apos;Windows 10&apos;, os.arch: &apos;amd64&apos;, os.version: &apos;10.0&apos;, java.version: &apos;1.8.0_171&apos;&#10;Driver info: org.openqa.selenium.firefox.FirefoxDriver&#10;Capabilities {acceptInsecureCerts: true, browserName: firefox, browserVersion: 60.0.2, javascriptEnabled: true, moz:accessibilityChecks: false, moz:headless: false, moz:processID: 6540, moz:profile: C:\Users\viper-sl\AppData\L..., moz:useNonSpecCompliantPointerOrigin: false, moz:webdriverClick: true, pageLoadStrategy: normal, platform: XP, platformName: XP, platformVersion: 10.0, rotatable: false, timeouts: {implicit: 0, pageLoad: 300000, script: 30000}}&#10;Session ID: 82c900ad-a768-4a2e-b178-37ad1450c6b6&#10;*** Element info: {Using=link text, value=Перейти ко всем фильтрам}" type="org.openqa.selenium.NoSuchElementException">org.openqa.selenium.NoSuchElementException: 
Unable to locate element: Перейти ко всем фильтрам
For documentation on this error, please visit: http://seleniumhq.org/exceptions/no_such_element.html
Build info: version: '3.12.0', revision: '7c6e0b3', time: '2018-05-08T14:04:26.12Z'
System info: host: 'DELL_W10', ip: '172.16.1.131', os.name: 'Windows 10', os.arch: 'amd64', os.version: '10.0', java.version: '1.8.0_171'
Driver info: org.openqa.selenium.firefox.FirefoxDriver
Capabilities {acceptInsecureCerts: true, browserName: firefox, browserVersion: 60.0.2, javascriptEnabled: true, moz:accessibilityChecks: false, moz:headless: false, moz:processID: 6540, moz:profile: C:\Users\viper-sl\AppData\L..., moz:useNonSpecCompliantPointerOrigin: false, moz:webdriverClick: true, pageLoadStrategy: normal, platform: XP, platformName: XP, platformVersion: 10.0, rotatable: false, timeouts: {implicit: 0, pageLoad: 300000, script: 30000}}
Session ID: 82c900ad-a768-4a2e-b178-37ad1450c6b6
*** Element info: {Using=link text, value=Перейти ко всем фильтрам}
	at yatest.TabTest.followLink(TabTest.java:68)
	at yatest.TabTest.tabsite(TabTest.java:47)
</error>
    <system-err><![CDATA[[main] INFO io.github.bonigarcia.wdm.WebDriverManager - Reading https://api.github.com/repos/mozilla/geckodriver/releases to seek wires, geckodriver
[main] INFO io.github.bonigarcia.wdm.WebDriverManager - Latest version of wires, geckodriver is 0.20.1
[main] INFO io.github.bonigarcia.wdm.Downloader - Using binary driver previously downloaded
[main] INFO io.github.bonigarcia.wdm.WebDriverManager - Exporting webdriver.gecko.driver as C:\Users\viper-sl\.m2\repository\webdriver\geckodriver\win64\0.20.1\geckodriver.exe
1529088891354	geckodriver	INFO	geckodriver 0.20.1
1529088891381	geckodriver	INFO	Listening on 127.0.0.1:31117
1529088892896	mozrunner::runner	INFO	Running command: "C:\\Program Files\\Mozilla Firefox\\firefox.exe" "-marionette" "-profile" "C:\\Users\\viper-sl\\AppData\\Local\\Temp\\rust_mozprofile.IK6f9Qz7DPBv"
Unable to read VR Path Registry from C:\Users\viper-sl\AppData\Local\openvr\openvrpaths.vrpath
Unable to read VR Path Registry from C:\Users\viper-sl\AppData\Local\openvr\openvrpaths.vrpath
Unable to read VR Path Registry from C:\Users\viper-sl\AppData\Local\openvr\openvrpaths.vrpath
Unable to read VR Path Registry from C:\Users\viper-sl\AppData\Local\openvr\openvrpaths.vrpath
Unable to read VR Path Registry from C:\Users\viper-sl\AppData\Local\openvr\openvrpaths.vrpath
1529088896257	Marionette	INFO	Listening on port 58713
1529088896749	Marionette	WARN	TLS certificate errors will be ignored for this session
июн 15, 2018 9:54:56 PM org.openqa.selenium.remote.ProtocolHandshake createSession
INFO: Detected dialect: W3C
[Child 6704, Chrome_ChildThread] WARNING: pipe error: 109: file z:/build/build/src/ipc/chromium/src/chrome/common/ipc_channel_win.cc, line 346
[Child 6704, Chrome_ChildThread] WARNING: pipe error: 109: file z:/build/build/src/ipc/chromium/src/chrome/common/ipc_channel_win.cc, line 346
[Parent 6540, Gecko_IOThread] WARNING: pipe error: 109: file z:/build/build/src/ipc/chromium/src/chrome/common/ipc_channel_win.cc, line 346
[Parent 6540, Gecko_IOThread] WARNING: pipe error: 109: file z:/build/build/src/ipc/chromium/src/chrome/common/ipc_channel_win.cc, line 346
[Child 17824, Chrome_ChildThread] WARNING: pipe error: 109: file z:/build/build/src/ipc/chromium/src/chrome/common/ipc_channel_win.cc, line 346
*** UTM:SVC TimerManager:registerTimer called after profile-before-change notification. Ignoring timer registration for id: telemetry_modules_ping

###!!! [Child][MessageChannel::SendAndWait] Error: Channel error: cannot send/recv

]]></system-err>
  </testcase>
</testsuite>