<?xml version="1.0" encoding="UTF-8"?>
<testsuite xmlns:xsi="http://www.w3.org/2001/XMLSchema-instance" xsi:noNamespaceSchemaLocation="https://maven.apache.org/surefire/maven-surefire-plugin/xsd/surefire-test-report.xsd" name="yatest.MarketTest" time="212.912" tests="2" errors="0" skipped="0" failures="0">
  <properties>
[...]
</properties>
  <testcase name="tabletsite" classname="yatest.MarketTest" time="98.511"/>
  <testcase name="laptopsite" classname="yatest.MarketTest" time="113.846"/>
</testsuite>